0 info it worked if it ends with ok
1 verbose cli [ '/Users/wangkai/.nvm/versions/io.js/v2.5.0/bin/iojs',
1 verbose cli   '/Users/wangkai/.nvm/versions/io.js/v2.5.0/bin/npm',
1 verbose cli   'run',
1 verbose cli   'dev' ]
2 info using npm@2.13.2
3 info using node@v2.5.0
4 verbose config Skipping project config: /Users/wangkai/.npmrc. (matches userconfig)
5 verbose stack Error: ENOENT: no such file or directory, open '/Users/wangkai/package.json'
5 verbose stack     at Error (native)
6 verbose cwd /Users/wangkai/Desktop/workspace/flask-expr
7 error Darwin 17.0.0
8 error argv "/Users/wangkai/.nvm/versions/io.js/v2.5.0/bin/iojs" "/Users/wangkai/.nvm/versions/io.js/v2.5.0/bin/npm" "run" "dev"
9 error node v2.5.0
10 error npm  v2.13.2
11 error path /Users/wangkai/package.json
12 error code ENOENT
13 error errno -2
14 error syscall open
15 error enoent ENOENT: no such file or directory, open '/Users/wangkai/package.json'
15 error enoent This is most likely not a problem with npm itself
15 error enoent and is related to npm not being able to find a file.
16 verbose exit [ -2, true ]
